CompileCommand: exclude org/eclipse/jdt/internal/core/dom/rewrite/ASTRewriteAnalyzer.getExtendedRange bool exclude = true
Dec 25, 2024 6:50:00 PM org.apache.aries.spifly.BaseActivator log
INFO: Registered provider ch.qos.logback.classic.servlet.LogbackServletContainerInitializer of service jakarta.servlet.ServletContainerInitializer in bundle ch.qos.logback.classic
Dec 25, 2024 6:50:00 PM org.apache.aries.spifly.BaseActivator log
INFO: Registered provider ch.qos.logback.classic.spi.LogbackServiceProvider of service org.slf4j.spi.SLF4JServiceProvider in bundle ch.qos.logback.classic
18:50:01.217 [Start Level: Equinox Container: 35b63ede-1c28-4ac0-bd8a-ed436df80581] DEBUG org.eclipse.jgit.internal.util.ShutdownHook -- register org.eclipse.jgit.util.FS$FileStoreAttributes$$Lambda/0x00007960481da408@12701b17 with shutdown hook
18:50:01.217 [Start Level: Equinox Container: 35b63ede-1c28-4ac0-bd8a-ed436df80581] DEBUG org.eclipse.jgit.internal.util.ShutdownHook -- register org.eclipse.jgit.util.FS$FileStoreAttributes$$Lambda/0x00007960481da408@12701b17 with shutdown hook
SLF4J: Failed to load class "org.slf4j.impl.StaticLoggerBinder".
SLF4J: Defaulting to no-operation (NOP) logger implementation
SLF4J: See http://www.slf4j.org/codes.html#StaticLoggerBinder for further details.

(Eclipse:26787): Gtk-CRITICAL **: 18:52:25.070: gtk_box_gadget_distribute: assertion 'size >= 0' failed in GtkScrollbar

(Eclipse:26787): Gtk-CRITICAL **: 18:52:25.071: gtk_box_gadget_distribute: assertion 'size >= 0' failed in GtkScrollbar

(Eclipse:26787): Gtk-CRITICAL **: 18:52:25.078: gtk_box_gadget_distribute: assertion 'size >= 0' failed in GtkScrollbar

(Eclipse:26787): Gtk-CRITICAL **: 18:52:25.081: gtk_box_gadget_distribute: assertion 'size >= 0' failed in GtkScrollbar

(Eclipse:26787): Gtk-CRITICAL **: 18:52:25.101: gtk_box_gadget_distribute: assertion 'size >= 0' failed in GtkScrollbar

(Eclipse:26787): Gtk-CRITICAL **: 18:52:25.118: gtk_box_gadget_distribute: assertion 'size >= 0' failed in GtkScrollbar

(Eclipse:26787): Gtk-CRITICAL **: 18:52:25.135: gtk_box_gadget_distribute: assertion 'size >= 0' failed in GtkScrollbar

(Eclipse:26787): Gtk-CRITICAL **: 18:55:18.706: gtk_box_gadget_distribute: assertion 'size >= 0' failed in GtkScrollbar

(Eclipse:26787): Gtk-CRITICAL **: 18:55:18.707: gtk_box_gadget_distribute: assertion 'size >= 0' failed in GtkScrollbar

(Eclipse:26787): Gtk-CRITICAL **: 18:55:18.708: gtk_box_gadget_distribute: assertion 'size >= 0' failed in GtkScrollbar

(Eclipse:26787): Gtk-CRITICAL **: 18:55:18.744: gtk_box_gadget_distribute: assertion 'size >= 0' failed in GtkScrollbar

(Eclipse:26787): Gtk-CRITICAL **: 18:55:18.765: gtk_box_gadget_distribute: assertion 'size >= 0' failed in GtkScrollbar

(Eclipse:26787): Gtk-CRITICAL **: 18:55:18.781: gtk_box_gadget_distribute: assertion 'size >= 0' failed in GtkScrollbar

(Eclipse:26787): Gtk-CRITICAL **: 18:55:18.798: gtk_box_gadget_distribute: assertion 'size >= 0' failed in GtkScrollbar

(Eclipse:26787): Gtk-CRITICAL **: 18:55:18.814: gtk_box_gadget_distribute: assertion 'size >= 0' failed in GtkScrollbar

(Eclipse:26787): Gtk-CRITICAL **: 18:55:18.830: gtk_box_gadget_distribute: assertion 'size >= 0' failed in GtkScrollbar

(Eclipse:26787): Gtk-CRITICAL **: 18:55:18.847: gtk_box_gadget_distribute: assertion 'size >= 0' failed in GtkScrollbar

(Eclipse:26787): Gtk-CRITICAL **: 18:55:18.865: gtk_box_gadget_distribute: assertion 'size >= 0' failed in GtkScrollbar

(Eclipse:26787): Gtk-CRITICAL **: 18:55:18.881: gtk_box_gadget_distribute: assertion 'size >= 0' failed in GtkScrollbar

(Eclipse:26787): Gtk-CRITICAL **: 18:55:18.897: gtk_box_gadget_distribute: assertion 'size >= 0' failed in GtkScrollbar

(Eclipse:26787): Gtk-CRITICAL **: 18:55:18.915: gtk_box_gadget_distribute: assertion 'size >= 0' failed in GtkScrollbar

(Eclipse:26787): Gtk-CRITICAL **: 18:55:18.931: gtk_box_gadget_distribute: assertion 'size >= 0' failed in GtkScrollbar

(Eclipse:26787): Gtk-CRITICAL **: 18:55:18.948: gtk_box_gadget_distribute: assertion 'size >= 0' failed in GtkScrollbar

(Eclipse:26787): Gtk-CRITICAL **: 18:55:18.965: gtk_box_gadget_distribute: assertion 'size >= 0' failed in GtkScrollbar

(Eclipse:26787): Gtk-CRITICAL **: 18:55:18.981: gtk_box_gadget_distribute: assertion 'size >= 0' failed in GtkScrollbar

(Eclipse:26787): Gtk-CRITICAL **: 18:55:18.998: gtk_box_gadget_distribute: assertion 'size >= 0' failed in GtkScrollbar

(Eclipse:26787): Gtk-CRITICAL **: 18:57:03.243: gtk_box_gadget_distribute: assertion 'size >= 0' failed in GtkScrollbar

(Eclipse:26787): Gtk-CRITICAL **: 18:57:03.244: gtk_box_gadget_distribute: assertion 'size >= 0' failed in GtkScrollbar

(Eclipse:26787): Gtk-CRITICAL **: 18:57:03.245: gtk_box_gadget_distribute: assertion 'size >= 0' failed in GtkScrollbar

(Eclipse:26787): Gtk-CRITICAL **: 18:57:03.265: gtk_box_gadget_distribute: assertion 'size >= 0' failed in GtkScrollbar

(Eclipse:26787): Gtk-CRITICAL **: 18:57:03.283: gtk_box_gadget_distribute: assertion 'size >= 0' failed in GtkScrollbar

(Eclipse:26787): Gtk-CRITICAL **: 18:57:03.302: gtk_box_gadget_distribute: assertion 'size >= 0' failed in GtkScrollbar

(Eclipse:26787): Gtk-CRITICAL **: 18:57:03.316: gtk_box_gadget_distribute: assertion 'size >= 0' failed in GtkScrollbar

(Eclipse:26787): Gtk-CRITICAL **: 18:57:03.333: gtk_box_gadget_distribute: assertion 'size >= 0' failed in GtkScrollbar

(Eclipse:26787): Gtk-CRITICAL **: 18:57:03.350: gtk_box_gadget_distribute: assertion 'size >= 0' failed in GtkScrollbar

(Eclipse:26787): Gtk-CRITICAL **: 18:57:03.367: gtk_box_gadget_distribute: assertion 'size >= 0' failed in GtkScrollbar

(Eclipse:26787): Gtk-CRITICAL **: 18:57:03.384: gtk_box_gadget_distribute: assertion 'size >= 0' failed in GtkScrollbar

(Eclipse:26787): Gtk-CRITICAL **: 18:57:03.399: gtk_box_gadget_distribute: assertion 'size >= 0' failed in GtkScrollbar

(Eclipse:26787): Gtk-CRITICAL **: 18:57:03.418: gtk_box_gadget_distribute: assertion 'size >= 0' failed in GtkScrollbar
